{
  "RSpec": {
    "coverage": {
      "/Users/hannahmalm/Flatiron School/tic-tac-toe-rb/lib/tic_tac_toe.rb": [
        null,
        null,
        1,
        null,
        null,
        null,
        null,
        null,
        null,
        null,
        null,
        null,
        null,
        1,
        24,
        24,
        24,
        24,
        24,
        null,
        null,
        null,
        1,
        23,
        null,
        null,
        null,
        1,
        22,
        null,
        null,
        null,
        1,
        144,
        null,
        null,
        null,
        1,
        23,
        20,
        null,
        3,
        null,
        null,
        null,
        null,
        1,
        21,
        21,
        189,
        31,
        null,
        null,
        21,
        null,
        null,
        null,
        1,
        20,
        14,
        null,
        6,
        null,
        null,
        null,
        null,
        1,
        20,
        20,
        20,
        20,
        19,
        19,
        null,
        1,
        null,
        null,
        null,
        null,
        1,
        57,
        388,
        null,
        null,
        null,
        null,
        null,
        null,
        1,
        33,
        null,
        150,
        null,
        null,
        null,
        null,
        1,
        28,
        null,
        null,
        null,
        1,
        21,
        null,
        null,
        null,
        1,
        11,
        11,
        6,
        null,
        null,
        null,
        null,
        1,
        null,
        12,
        17,
        null,
        null,
        12,
        3,
        null,
        9,
        null,
        null,
        null
      ]
    },
    "timestamp": 1624921968
  }
}
